<?xml version="1.0" encoding="UTF-8"?>
<testsuite xmlns:xsi="http://www.w3.org/2001/XMLSchema-instance" xsi:noNamespaceSchemaLocation="https://maven.apache.org/surefire/maven-surefire-plugin/xsd/surefire-test-report.xsd" name="com.leyou.user.RedisTest" time="14.684" tests="3" errors="0" skipped="0" failures="0">
  <properties>
[...]
</properties>
  <testcase name="testRedis" classname="com.leyou.user.RedisTest" time="2.218"/>
  <testcase name="testHash" classname="com.leyou.user.RedisTest" time="0.031"/>
  <testcase name="testRedis2" classname="com.leyou.user.RedisTest" time="0"/>
</testsuite>